2026-06-02 11:16:10  OK: heat-data.js updated (4 provinces, 7 days)
2026-06-02 11:18:42  OK: heat-data.js updated (4 provinces, 7 days)
2026-06-02 11:42:07  OK: heat-data.js updated (4 provinces, 7 days)
2026-06-04 21:10:48  OK: heat-data.js updated (4 provinces, 7 days)
2026-06-04 21:11:58  OK: heat-data.js updated (4 provinces, 7 days)
2026-06-05 08:13:01  OK: heat-data.js updated (4 provinces, 7 days)
2026-06-05 08:14:11  OK: heat-data.js updated (4 provinces, 7 days)
2026-06-05 08:17:27  OK: heat-data.js updated (4 provinces, 7 days)
2026-06-05 08:24:05  ERROR: The remote name could not be resolved: 'data.tmd.go.th'
2026-06-05 08:28:30  OK: heat-data.js updated (4 provinces, 7 days)
2026-06-05 13:53:50  OK: heat-data.js updated (4 provinces, 7 days)
2026-06-06 21:04:24  OK: heat-data.js updated (4 provinces, 7 days)
2026-06-06 21:06:34  OK: heat-data.js updated (4 provinces, 7 days)
2026-06-08 08:05:37  OK: heat-data.js updated (4 provinces, 7 days)
2026-06-08 10:54:14  OK: heat-data.js updated (4 provinces, 7 days)
2026-06-08 11:26:59  OK: heat-data updated (4 provinces, 7 days)
2026-06-08 15:55:16  OK: heat-data updated (4 provinces, 7 days)
2026-06-08 16:17:14  OK: heat-data updated (4 provinces, 7 days)
2026-06-08 16:21:22  OK: heat-data updated (4 provinces, 7 days)
2026-06-08 16:25:40  OK: heat-data updated (4 provinces, 7 days)
2026-06-09 08:05:20  ERROR: The underlying connection was closed: Could not establish trust relationship for the SSL/TLS secure channel.
2026-06-09 08:28:48  ERROR: The underlying connection was closed: An unexpected error occurred on a send.
2026-06-09 08:31:37  OK: heat-data updated (4 provinces, 7 days)
2026-06-09 09:00:12  OK: heat-data updated (4 provinces, 7 days)
2026-06-09 13:00:12  OK: heat-data updated (4 provinces, 7 days)
2026-06-10 08:29:29  OK: heat-data updated (4 provinces, 7 days)
2026-06-10 09:00:42  OK: heat-data updated (4 provinces, 7 days)
